# JRE version: OpenJDK Runtime Environment (13.0.2+8) (build 13.0.2+8)
# Java VM: OpenJDK 64-Bit Server VM (13.0.2+8, mixed mode, sharing, tiered, compressed oops, g1 gc, windows-amd64)
Heap:
 garbage-first heap   total 1000448K, used 230912K [0x00000000a2600000, 0x0000000100000000)
  region size 1024K, 20 young (20480K), 20 survivors (20480K)
 Metaspace       used 1390K, capacity 4708K, committed 4864K, reserved 1056768K
  class space    used 132K, capacity 437K, committed 512K, reserved 1048576K
GC Heap History (20 events):
Event: 0.845 GC heap after
{Heap after GC invocations=3 (full 0):
 garbage-first heap   total 96256K, used 23049K [0x00000000a2600000, 0x0000000100000000)
  region size 1024K, 6 young (6144K), 6 survivors (6144K)
 Metaspace       used 1158K, capacity 4686K, committed 4864K, reserved 1056768K
  class space    used 114K, capacity 431K, committed 512K, reserved 1048576K
}
Event: 0.873 GC heap before
{Heap before GC invocations=3 (full 0):
 garbage-first heap   total 96256K, used 62985K [0x00000000a2600000, 0x0000000100000000)
  region size 1024K, 42 young (43008K), 6 survivors (6144K)
 Metaspace       used 1158K, capacity 4686K, committed 4864K, reserved 1056768K
  class space    used 114K, capacity 431K, committed 512K, reserved 1048576K
}
Event: 0.929 GC heap after
{Heap after GC invocations=4 (full 0):
 garbage-first heap   total 96256K, used 33792K [0x00000000a2600000, 0x0000000100000000)
  region size 1024K, 6 young (6144K), 6 survivors (6144K)
 Metaspace       used 1158K, capacity 4686K, committed 4864K, reserved 1056768K
  class space    used 114K, capacity 431K, committed 512K, reserved 1048576K
}
Event: 0.954 GC heap before
{Heap before GC invocations=4 (full 0):
 garbage-first heap   total 96256K, used 66560K [0x00000000a2600000, 0x0000000100000000)
  region size 1024K, 38 young (38912K), 6 survivors (6144K)
 Metaspace       used 1158K, capacity 4686K, committed 4864K, reserved 1056768K
  class space    used 114K, capacity 431K, committed 512K, reserved 1048576K
}
Event: 0.994 GC heap after
{Heap after GC invocations=5 (full 0):
 garbage-first heap   total 239616K, used 40448K [0x00000000a2600000, 0x0000000100000000)
  region size 1024K, 5 young (5120K), 5 survivors (5120K)
 Metaspace       used 1158K, capacity 4686K, committed 4864K, reserved 1056768K
  class space    used 114K, capacity 431K, committed 512K, reserved 1048576K
}
Event: 1.059 GC heap before
{Heap before GC invocations=5 (full 0):
 garbage-first heap   total 239616K, used 91648K [0x00000000a2600000, 0x0000000100000000)
  region size 1024K, 51 young (52224K), 5 survivors (5120K)
 Metaspace       used 1158K, capacity 4686K, committed 4864K, reserved 1056768K
  class space    used 114K, capacity 431K, committed 512K, reserved 1048576K
}
Event: 1.095 GC heap after
{Heap after GC invocations=6 (full 0):
 garbage-first heap   total 239616K, used 54646K [0x00000000a2600000, 0x0000000100000000)
  region size 1024K, 7 young (7168K), 7 survivors (7168K)
 Metaspace       used 1158K, capacity 4686K, committed 4864K, reserved 1056768K
  class space    used 114K, capacity 431K, committed 512K, reserved 1048576K
}
Event: 1.146 GC heap before
{Heap before GC invocations=6 (full 0):
 garbage-first heap   total 239616K, used 116086K [0x00000000a2600000, 0x0000000100000000)
  region size 1024K, 62 young (63488K), 7 survivors (7168K)
 Metaspace       used 1390K, capacity 4708K, committed 4864K, reserved 1056768K
  class space    used 132K, capacity 437K, committed 512K, reserved 1048576K
}
Event: 1.182 GC heap after
{Heap after GC invocations=7 (full 0):
 garbage-first heap   total 239616K, used 72050K [0x00000000a2600000, 0x0000000100000000)
  region size 1024K, 8 young (8192K), 8 survivors (8192K)
 Metaspace       used 1390K, capacity 4708K, committed 4864K, reserved 1056768K
  class space    used 132K, capacity 437K, committed 512K, reserved 1048576K
}
Event: 1.220 GC heap before
{Heap before GC invocations=7 (full 0):
 garbage-first heap   total 239616K, used 136562K [0x00000000a2600000, 0x0000000100000000)
  region size 1024K, 71 young (72704K), 8 survivors (8192K)
 Metaspace       used 1390K, capacity 4708K, committed 4864K, reserved 1056768K
  class space    used 132K, capacity 437K, committed 512K, reserved 1048576K
}
Event: 1.255 GC heap after
{Heap after GC invocations=8 (full 0):
 garbage-first heap   total 239616K, used 85478K [0x00000000a2600000, 0x0000000100000000)
  region size 1024K, 9 young (9216K), 9 survivors (9216K)
 Metaspace       used 1390K, capacity 4708K, committed 4864K, reserved 1056768K
  class space    used 132K, capacity 437K, committed 512K, reserved 1048576K
}
Event: 1.295 GC heap before
{Heap before GC invocations=8 (full 0):
 garbage-first heap   total 239616K, used 160230K [0x00000000a2600000, 0x0000000100000000)
  region size 1024K, 75 young (76800K), 9 survivors (9216K)
 Metaspace       used 1390K, capacity 4708K, committed 4864K, reserved 1056768K
  class space    used 132K, capacity 437K, committed 512K, reserved 1048576K
}
Event: 1.342 GC heap after
{Heap after GC invocations=9 (full 0):
 garbage-first heap   total 644096K, used 107520K [0x00000000a2600000, 0x0000000100000000)
  region size 1024K, 10 young (10240K), 10 survivors (10240K)
 Metaspace       used 1390K, capacity 4708K, committed 4864K, reserved 1056768K
  class space    used 132K, capacity 437K, committed 512K, reserved 1048576K
}
Event: 1.432 GC heap before
{Heap before GC invocations=9 (full 0):
 garbage-first heap   total 644096K, used 195584K [0x00000000a2600000, 0x0000000100000000)
  region size 1024K, 96 young (98304K), 10 survivors (10240K)
 Metaspace       used 1390K, capacity 4708K, committed 4864K, reserved 1056768K
  class space    used 132K, capacity 437K, committed 512K, reserved 1048576K
}
Event: 1.480 GC heap after
{Heap after GC invocations=10 (full 0):
 garbage-first heap   total 644096K, used 126464K [0x00000000a2600000, 0x0000000100000000)
  region size 1024K, 12 young (12288K), 12 survivors (12288K)
 Metaspace       used 1390K, capacity 4708K, committed 4864K, reserved 1056768K
  class space    used 132K, capacity 437K, committed 512K, reserved 1048576K
}
Event: 1.598 GC heap before
{Heap before GC invocations=10 (full 0):
 garbage-first heap   total 644096K, used 244224K [0x00000000a2600000, 0x0000000100000000)
  region size 1024K, 116 young (118784K), 12 survivors (12288K)
 Metaspace       used 1390K, capacity 4708K, committed 4864K, reserved 1056768K
  class space    used 132K, capacity 437K, committed 512K, reserved 1048576K
}
Event: 1.677 GC heap after
{Heap after GC invocations=11 (full 0):
 garbage-first heap   total 644096K, used 159744K [0x00000000a2600000, 0x0000000100000000)
  region size 1024K, 15 young (15360K), 15 survivors (15360K)
 Metaspace       used 1390K, capacity 4708K, committed 4864K, reserved 1056768K
  class space    used 132K, capacity 437K, committed 512K, reserved 1048576K
}
Event: 1.736 GC heap before
{Heap before GC invocations=11 (full 0):
 garbage-first heap   total 644096K, used 283648K [0x00000000a2600000, 0x0000000100000000)
  region size 1024K, 136 young (139264K), 15 survivors (15360K)
 Metaspace       used 1390K, capacity 4708K, committed 4864K, reserved 1056768K
  class space    used 132K, capacity 437K, committed 512K, reserved 1048576K
}
Event: 1.805 GC heap after
{Heap after GC invocations=12 (full 0):
 garbage-first heap   total 644096K, used 185344K [0x00000000a2600000, 0x0000000100000000)
  region size 1024K, 17 young (17408K), 17 survivors (17408K)
 Metaspace       used 1390K, capacity 4708K, committed 4864K, reserved 1056768K
  class space    used 132K, capacity 437K, committed 512K, reserved 1048576K
}
Event: 1.881 GC heap before
{Heap before GC invocations=12 (full 0):
 garbage-first heap   total 644096K, used 343040K [0x00000000a2600000, 0x0000000100000000)
  region size 1024K, 155 young (158720K), 17 survivors (17408K)
 Metaspace       used 1390K, capacity 4708K, committed 4864K, reserved 1056768K
  class space    used 132K, capacity 437K, committed 512K, reserved 1048576K
}

