# JRE version: OpenJDK Runtime Environment (13.0.2+8) (build 13.0.2+8)
# Java VM: OpenJDK 64-Bit Server VM (13.0.2+8, mixed mode, sharing, tiered, compressed oops, g1 gc, windows-amd64)
Heap:
 garbage-first heap   total 1006592K, used 227840K [0x00000000a2600000, 0x0000000100000000)
  region size 1024K, 19 young (19456K), 19 survivors (19456K)
 Metaspace       used 1390K, capacity 4708K, committed 4864K, reserved 1056768K
  class space    used 132K, capacity 437K, committed 512K, reserved 1048576K
GC Heap History (20 events):
Event: 0.873 GC heap after
{Heap after GC invocations=3 (full 0):
 garbage-first heap   total 96256K, used 22783K [0x00000000a2600000, 0x0000000100000000)
  region size 1024K, 6 young (6144K), 6 survivors (6144K)
 Metaspace       used 1159K, capacity 4686K, committed 4864K, reserved 1056768K
  class space    used 114K, capacity 431K, committed 512K, reserved 1048576K
}
Event: 0.906 GC heap before
{Heap before GC invocations=3 (full 0):
 garbage-first heap   total 96256K, used 62719K [0x00000000a2600000, 0x0000000100000000)
  region size 1024K, 42 young (43008K), 6 survivors (6144K)
 Metaspace       used 1159K, capacity 4686K, committed 4864K, reserved 1056768K
  class space    used 114K, capacity 431K, committed 512K, reserved 1048576K
}
Event: 0.973 GC heap after
{Heap after GC invocations=4 (full 0):
 garbage-first heap   total 96256K, used 33792K [0x00000000a2600000, 0x0000000100000000)
  region size 1024K, 6 young (6144K), 6 survivors (6144K)
 Metaspace       used 1159K, capacity 4686K, committed 4864K, reserved 1056768K
  class space    used 114K, capacity 431K, committed 512K, reserved 1048576K
}
Event: 0.999 GC heap before
{Heap before GC invocations=4 (full 0):
 garbage-first heap   total 96256K, used 66560K [0x00000000a2600000, 0x0000000100000000)
  region size 1024K, 38 young (38912K), 6 survivors (6144K)
 Metaspace       used 1159K, capacity 4686K, committed 4864K, reserved 1056768K
  class space    used 114K, capacity 431K, committed 512K, reserved 1048576K
}
Event: 1.048 GC heap after
{Heap after GC invocations=5 (full 0):
 garbage-first heap   total 240640K, used 40960K [0x00000000a2600000, 0x0000000100000000)
  region size 1024K, 5 young (5120K), 5 survivors (5120K)
 Metaspace       used 1159K, capacity 4686K, committed 4864K, reserved 1056768K
  class space    used 114K, capacity 431K, committed 512K, reserved 1048576K
}
Event: 1.111 GC heap before
{Heap before GC invocations=5 (full 0):
 garbage-first heap   total 240640K, used 92160K [0x00000000a2600000, 0x0000000100000000)
  region size 1024K, 51 young (52224K), 5 survivors (5120K)
 Metaspace       used 1295K, capacity 4698K, committed 4864K, reserved 1056768K
  class space    used 126K, capacity 435K, committed 512K, reserved 1048576K
}
Event: 1.137 GC heap after
{Heap after GC invocations=6 (full 0):
 garbage-first heap   total 240640K, used 55296K [0x00000000a2600000, 0x0000000100000000)
  region size 1024K, 7 young (7168K), 7 survivors (7168K)
 Metaspace       used 1295K, capacity 4698K, committed 4864K, reserved 1056768K
  class space    used 126K, capacity 435K, committed 512K, reserved 1048576K
}
Event: 1.197 GC heap before
{Heap before GC invocations=6 (full 0):
 garbage-first heap   total 240640K, used 115712K [0x00000000a2600000, 0x0000000100000000)
  region size 1024K, 61 young (62464K), 7 survivors (7168K)
 Metaspace       used 1390K, capacity 4708K, committed 4864K, reserved 1056768K
  class space    used 132K, capacity 437K, committed 512K, reserved 1048576K
}
Event: 1.233 GC heap after
{Heap after GC invocations=7 (full 0):
 garbage-first heap   total 240640K, used 72055K [0x00000000a2600000, 0x0000000100000000)
  region size 1024K, 8 young (8192K), 8 survivors (8192K)
 Metaspace       used 1390K, capacity 4708K, committed 4864K, reserved 1056768K
  class space    used 132K, capacity 437K, committed 512K, reserved 1048576K
}
Event: 1.266 GC heap before
{Heap before GC invocations=7 (full 0):
 garbage-first heap   total 240640K, used 135543K [0x00000000a2600000, 0x0000000100000000)
  region size 1024K, 70 young (71680K), 8 survivors (8192K)
 Metaspace       used 1390K, capacity 4708K, committed 4864K, reserved 1056768K
  class space    used 132K, capacity 437K, committed 512K, reserved 1048576K
}
Event: 1.313 GC heap after
{Heap after GC invocations=8 (full 0):
 garbage-first heap   total 240640K, used 85943K [0x00000000a2600000, 0x0000000100000000)
  region size 1024K, 9 young (9216K), 9 survivors (9216K)
 Metaspace       used 1390K, capacity 4708K, committed 4864K, reserved 1056768K
  class space    used 132K, capacity 437K, committed 512K, reserved 1048576K
}
Event: 1.361 GC heap before
{Heap before GC invocations=8 (full 0):
 garbage-first heap   total 240640K, used 160695K [0x00000000a2600000, 0x0000000100000000)
  region size 1024K, 75 young (76800K), 9 survivors (9216K)
 Metaspace       used 1390K, capacity 4708K, committed 4864K, reserved 1056768K
  class space    used 132K, capacity 437K, committed 512K, reserved 1048576K
}
Event: 1.422 GC heap after
{Heap after GC invocations=9 (full 0):
 garbage-first heap   total 654336K, used 107520K [0x00000000a2600000, 0x0000000100000000)
  region size 1024K, 10 young (10240K), 10 survivors (10240K)
 Metaspace       used 1390K, capacity 4708K, committed 4864K, reserved 1056768K
  class space    used 132K, capacity 437K, committed 512K, reserved 1048576K
}
Event: 1.503 GC heap before
{Heap before GC invocations=9 (full 0):
 garbage-first heap   total 654336K, used 193536K [0x00000000a2600000, 0x0000000100000000)
  region size 1024K, 94 young (96256K), 10 survivors (10240K)
 Metaspace       used 1390K, capacity 4708K, committed 4864K, reserved 1056768K
  class space    used 132K, capacity 437K, committed 512K, reserved 1048576K
}
Event: 1.565 GC heap after
{Heap after GC invocations=10 (full 0):
 garbage-first heap   total 654336K, used 125952K [0x00000000a2600000, 0x0000000100000000)
  region size 1024K, 12 young (12288K), 12 survivors (12288K)
 Metaspace       used 1390K, capacity 4708K, committed 4864K, reserved 1056768K
  class space    used 132K, capacity 437K, committed 512K, reserved 1048576K
}
Event: 1.627 GC heap before
{Heap before GC invocations=10 (full 0):
 garbage-first heap   total 654336K, used 240640K [0x00000000a2600000, 0x0000000100000000)
  region size 1024K, 113 young (115712K), 12 survivors (12288K)
 Metaspace       used 1390K, capacity 4708K, committed 4864K, reserved 1056768K
  class space    used 132K, capacity 437K, committed 512K, reserved 1048576K
}
Event: 1.689 GC heap after
{Heap after GC invocations=11 (full 0):
 garbage-first heap   total 654336K, used 158208K [0x00000000a2600000, 0x0000000100000000)
  region size 1024K, 15 young (15360K), 15 survivors (15360K)
 Metaspace       used 1390K, capacity 4708K, committed 4864K, reserved 1056768K
  class space    used 132K, capacity 437K, committed 512K, reserved 1048576K
}
Event: 1.743 GC heap before
{Heap before GC invocations=11 (full 0):
 garbage-first heap   total 654336K, used 278016K [0x00000000a2600000, 0x0000000100000000)
  region size 1024K, 132 young (135168K), 15 survivors (15360K)
 Metaspace       used 1390K, capacity 4708K, committed 4864K, reserved 1056768K
  class space    used 132K, capacity 437K, committed 512K, reserved 1048576K
}
Event: 1.826 GC heap after
{Heap after GC invocations=12 (full 0):
 garbage-first heap   total 654336K, used 183296K [0x00000000a2600000, 0x0000000100000000)
  region size 1024K, 17 young (17408K), 17 survivors (17408K)
 Metaspace       used 1390K, capacity 4708K, committed 4864K, reserved 1056768K
  class space    used 132K, capacity 437K, committed 512K, reserved 1048576K
}
Event: 1.930 GC heap before
{Heap before GC invocations=12 (full 0):
 garbage-first heap   total 654336K, used 333824K [0x00000000a2600000, 0x0000000100000000)
  region size 1024K, 148 young (151552K), 17 survivors (17408K)
 Metaspace       used 1390K, capacity 4708K, committed 4864K, reserved 1056768K
  class space    used 132K, capacity 437K, committed 512K, reserved 1048576K
}

